0 verbose cli C:\Program Files\nodejs\node.exe C:\Program Files\nodejs\node_modules\npm\bin\npm-cli.js
1 info using npm@10.2.4
2 info using node@v21.4.0
3 timing npm:load:whichnode Completed in 1ms
4 timing config:load:defaults Completed in 1ms
5 timing config:load:file:C:\Program Files\nodejs\node_modules\npm\npmrc Completed in 3ms
6 timing config:load:builtin Completed in 3ms
7 timing config:load:cli Completed in 1ms
8 timing config:load:env Completed in 0ms
9 timing config:load:file:\\wsl.localhost\Ubuntu\home\maxloo\src\airport\.npmrc Completed in 0ms
10 timing config:load:project Completed in 4ms
11 timing config:load:file:C:\Users\maxlo\.npmrc Completed in 0ms
12 timing config:load:user Completed in 0ms
13 timing config:load:file:\\wsl.localhost\Ubuntu\home\maxloo\npm\etc\npmrc Completed in 1ms
14 timing config:load:global Completed in 1ms
15 timing config:load:setEnvs Completed in 0ms
16 timing config:load Completed in 10ms
17 timing npm:load:configload Completed in 10ms
18 timing config:load:flatten Completed in 1ms
19 timing npm:load:mkdirpcache Completed in 0ms
20 timing npm:load:mkdirplogs Completed in 1ms
21 verbose title npm exec @nestjs/cli new backend
22 verbose argv "exec" "--" "@nestjs/cli" "new" "backend"
23 timing npm:load:setTitle Completed in 0ms
24 timing npm:load:display Completed in 0ms
25 verbose logfile logs-max:10 dir:C:\Users\maxlo\AppData\Local\npm-cache\_logs\2025-03-11T11_50_29_569Z-
26 verbose logfile C:\Users\maxlo\AppData\Local\npm-cache\_logs\2025-03-11T11_50_29_569Z-debug-0.log
27 timing npm:load:logFile Completed in 14ms
28 timing npm:load:timers Completed in 1ms
29 timing npm:load:configScope Completed in 0ms
30 timing npm:load Completed in 47ms
31 silly logfile start cleaning logs, removing 2 files
32 silly logfile done cleaning log files
33 timing arborist:ctor Completed in 1ms
34 http fetch GET 200 https://registry.npmjs.org/@nestjs%2fcli 1441ms (cache updated)
35 timing arborist:ctor Completed in 0ms
36 timing command:exec Completed in 1469ms
37 verbose stack RangeError: Maximum call stack size exceeded
37 verbose stack     at resolve (node:path:171:9)
37 verbose stack     at realpathCached (C:\Program Files\nodejs\node_modules\npm\node_modules\@npmcli\arborist\lib\realpath.js:18:10)
37 verbose stack     at realpathCached (C:\Program Files\nodejs\node_modules\npm\node_modules\@npmcli\arborist\lib\realpath.js:38:10)
37 verbose stack     at realpathCached (C:\Program Files\nodejs\node_modules\npm\node_modules\@npmcli\arborist\lib\realpath.js:38:10)
37 verbose stack     at realpathCached (C:\Program Files\nodejs\node_modules\npm\node_modules\@npmcli\arborist\lib\realpath.js:38:10)
37 verbose stack     at realpathCached (C:\Program Files\nodejs\node_modules\npm\node_modules\@npmcli\arborist\lib\realpath.js:38:10)
37 verbose stack     at realpathCached (C:\Program Files\nodejs\node_modules\npm\node_modules\@npmcli\arborist\lib\realpath.js:38:10)
37 verbose stack     at realpathCached (C:\Program Files\nodejs\node_modules\npm\node_modules\@npmcli\arborist\lib\realpath.js:38:10)
37 verbose stack     at realpathCached (C:\Program Files\nodejs\node_modules\npm\node_modules\@npmcli\arborist\lib\realpath.js:38:10)
37 verbose stack     at realpathCached (C:\Program Files\nodejs\node_modules\npm\node_modules\@npmcli\arborist\lib\realpath.js:38:10)
38 verbose cwd \\wsl.localhost\Ubuntu\home\maxloo\src\airport
39 verbose Windows_NT 10.0.26100
40 verbose node v21.4.0
41 verbose npm  v10.2.4
42 error Maximum call stack size exceeded
43 verbose exit 1
44 timing npm Completed in 1685ms
45 verbose code 1
46 error A complete log of this run can be found in: C:\Users\maxlo\AppData\Local\npm-cache\_logs\2025-03-11T11_50_29_569Z-debug-0.log
